2018-03-10 16:35:30,663 - Mine - WARNING - =========== Miner function logging started ==========
2018-03-10 16:35:30,664 - Mine - WARNING - =========== Miner init complete ==========
2018-03-10 16:35:41,924 - Mine - WARNING - =========== Message correctly formed and verified ==========
2018-03-10 16:35:41,931 - Mine - WARNING - =========== Message not duplicate ==========
2018-03-10 16:39:16,193 - Mine - WARNING - =========== Miner function logging started ==========
2018-03-10 16:39:16,193 - Mine - WARNING - =========== Miner init complete ==========
2018-03-10 16:39:27,680 - Mine - WARNING - =========== Message correctly formed and verified ==========
2018-03-10 16:39:27,687 - Mine - WARNING - =========== Message not duplicate ==========
2018-03-10 16:39:45,330 - Mine - WARNING - =========== Miner function logging started ==========
2018-03-10 16:39:45,330 - Mine - WARNING - =========== Miner init complete ==========
2018-03-10 16:39:56,945 - Mine - WARNING - =========== Message correctly formed and verified ==========
2018-03-10 16:39:56,951 - Mine - WARNING - =========== Message not duplicate ==========
2018-03-10 16:40:09,416 - Mine - WARNING - =========== Message correctly formed and verified ==========
2018-03-10 16:40:09,422 - Mine - WARNING - =========== Message not duplicate ==========
2018-03-10 16:40:44,134 - Mine - WARNING - =========== Miner function logging started ==========
2018-03-10 16:40:44,135 - Mine - WARNING - =========== Miner init complete ==========
2018-03-10 16:40:52,210 - Mine - WARNING - =========== Miner function logging started ==========
2018-03-10 16:40:52,210 - Mine - WARNING - =========== Miner init complete ==========
2018-03-10 17:27:31,883 - Mine - WARNING - =========== Miner function logging started ==========
2018-03-10 17:27:31,884 - Mine - WARNING - =========== Miner init complete ==========
2018-03-10 17:29:20,997 - Mine - WARNING - =========== Miner function logging started ==========
2018-03-10 17:29:20,998 - Mine - WARNING - =========== Miner init complete ==========
2018-03-10 17:29:32,041 - Mine - WARNING - =========== Miner function logging started ==========
2018-03-10 17:29:32,041 - Mine - WARNING - =========== Miner init complete ==========
2018-03-10 17:29:45,405 - Mine - WARNING - =========== Message correctly formed and verified ==========
2018-03-10 17:29:45,411 - Mine - WARNING - =========== Message not duplicate ==========
2018-03-10 17:29:58,143 - Mine - WARNING - =========== Message correctly formed and verified ==========
2018-03-10 17:29:58,150 - Mine - WARNING - =========== Message not duplicate ==========
2018-03-10 17:30:13,129 - Mine - WARNING - =========== Message correctly formed and verified ==========
2018-03-10 17:30:13,130 - Mine - WARNING - =========== Message not duplicate ==========
2018-03-10 17:30:20,539 - Mine - WARNING - =========== Miner function logging started ==========
2018-03-10 17:30:20,540 - Mine - WARNING - =========== Miner init complete ==========
2018-03-10 17:30:30,419 - Mine - WARNING - =========== Message correctly formed and verified ==========
2018-03-10 17:30:30,425 - Mine - WARNING - =========== Message not duplicate ==========
2018-03-10 17:30:43,248 - Mine - WARNING - =========== Message correctly formed and verified ==========
2018-03-10 17:30:43,254 - Mine - WARNING - =========== Message not duplicate ==========
2018-03-10 17:30:58,250 - Mine - WARNING - =========== Message correctly formed and verified ==========
2018-03-10 17:30:58,255 - Mine - WARNING - =========== Message not duplicate ==========
2018-03-10 17:31:13,187 - Mine - WARNING - =========== Message correctly formed and verified ==========
2018-03-10 17:31:13,187 - Mine - WARNING - =========== Message not duplicate ==========
2018-03-10 17:32:38,112 - Mine - WARNING - =========== Miner function logging started ==========
2018-03-10 17:32:38,113 - Mine - WARNING - =========== Miner init complete ==========
2018-03-10 17:32:45,677 - Mine - WARNING - =========== Message correctly formed and verified ==========
2018-03-10 17:32:45,684 - Mine - WARNING - =========== Message not duplicate ==========
2018-03-10 17:32:58,414 - Mine - WARNING - =========== Message correctly formed and verified ==========
2018-03-10 17:32:58,420 - Mine - WARNING - =========== Message not duplicate ==========
2018-03-10 17:33:13,340 - Mine - WARNING - =========== Message correctly formed and verified ==========
2018-03-10 17:33:13,346 - Mine - WARNING - =========== Message not duplicate ==========
2018-03-10 17:33:29,452 - Mine - WARNING - =========== Miner function logging started ==========
2018-03-10 17:33:29,452 - Mine - WARNING - =========== Miner init complete ==========
2018-03-10 17:33:32,474 - Mine - WARNING - =========== Miner function logging started ==========
2018-03-10 17:33:32,474 - Mine - WARNING - =========== Miner init complete ==========
2018-03-10 17:33:45,859 - Mine - WARNING - =========== Message correctly formed and verified ==========
2018-03-10 17:33:45,866 - Mine - WARNING - =========== Message not duplicate ==========
2018-03-10 17:33:58,488 - Mine - WARNING - =========== Message correctly formed and verified ==========
2018-03-10 17:33:58,494 - Mine - WARNING - =========== Message not duplicate ==========
2018-03-10 17:34:13,507 - Mine - WARNING - =========== Message correctly formed and verified ==========
2018-03-10 17:34:13,513 - Mine - WARNING - =========== Message not duplicate ==========
2018-03-10 17:34:28,557 - Mine - WARNING - =========== Message correctly formed and verified ==========
2018-03-10 17:34:28,563 - Mine - WARNING - =========== Message not duplicate ==========
2018-03-10 17:34:43,605 - Mine - WARNING - =========== Message correctly formed and verified ==========
2018-03-10 17:34:43,612 - Mine - WARNING - =========== Message not duplicate ==========
2018-03-10 18:04:09,551 - Mine - WARNING - =========== Miner function logging started ==========
2018-03-10 18:04:09,552 - Mine - WARNING - =========== Miner init complete ==========
2018-03-10 18:07:05,875 - Mine - WARNING - =========== Miner function logging started ==========
2018-03-10 18:07:05,876 - Mine - WARNING - =========== Miner init complete ==========
2018-03-12 14:56:20,322 - Mine - WARNING - =========== Miner function logging started ==========
2018-03-12 14:56:20,323 - Mine - WARNING - =========== Miner init complete ==========
2018-03-12 15:16:09,109 - Mine - WARNING - =========== Miner function logging started ==========
2018-03-12 15:16:09,109 - Mine - WARNING - =========== Miner init complete ==========
2018-03-12 15:21:28,891 - Mine - WARNING - =========== Miner function logging started ==========
2018-03-12 15:21:28,891 - Mine - WARNING - =========== Miner init complete ==========
2018-03-12 15:52:17,706 - Mine - WARNING - =========== Miner function logging started ==========
2018-03-12 15:52:17,706 - Mine - WARNING - =========== Miner init complete ==========
2018-03-12 15:54:35,653 - Mine - WARNING - =========== Miner function logging started ==========
2018-03-12 15:54:35,653 - Mine - WARNING - =========== Miner init complete ==========
2018-03-12 15:54:53,286 - Mine - WARNING - =========== Miner function logging started ==========
2018-03-12 15:54:53,286 - Mine - WARNING - =========== Miner init complete ==========
2018-03-12 16:07:18,856 - Mine - WARNING - =========== Miner function logging started ==========
2018-03-12 16:07:18,856 - Mine - WARNING - =========== Miner init complete ==========
2018-03-12 16:07:45,833 - Mine - WARNING - =========== Miner function logging started ==========
2018-03-12 16:07:45,834 - Mine - WARNING - =========== Miner init complete ==========
2018-03-12 16:08:08,326 - Mine - WARNING - =========== Miner function logging started ==========
2018-03-12 16:08:08,327 - Mine - WARNING - =========== Miner init complete ==========
2018-03-12 16:28:13,302 - Mine - WARNING - =========== Miner function logging started ==========
2018-03-12 16:28:13,302 - Mine - WARNING - =========== Miner init complete ==========
2018-03-12 16:53:49,167 - Mine - WARNING - =========== Miner function logging started ==========
2018-03-12 16:53:49,167 - Mine - WARNING - =========== Miner init complete ==========
2018-03-12 16:55:11,707 - Mine - WARNING - =========== Miner function logging started ==========
2018-03-12 16:55:11,707 - Mine - WARNING - =========== Miner init complete ==========
2018-03-12 16:55:33,193 - Mine - WARNING - =========== Miner function logging started ==========
2018-03-12 16:55:33,193 - Mine - WARNING - =========== Miner init complete ==========
2018-03-12 16:55:50,796 - Mine - WARNING - =========== Miner function logging started ==========
2018-03-12 16:55:50,796 - Mine - WARNING - =========== Miner init complete ==========
2018-03-12 16:56:16,947 - Mine - WARNING - =========== Miner function logging started ==========
2018-03-12 16:56:16,947 - Mine - WARNING - =========== Miner init complete ==========
2018-03-12 16:56:35,075 - Mine - WARNING - =========== Miner function logging started ==========
2018-03-12 16:56:35,075 - Mine - WARNING - =========== Miner init complete ==========
2018-03-12 17:23:45,519 - Mine - WARNING - =========== Miner function logging started ==========
2018-03-12 17:23:45,520 - Mine - WARNING - =========== Miner init complete ==========
2018-03-12 17:57:16,755 - Mine - WARNING - =========== Miner function logging started ==========
2018-03-12 17:57:16,755 - Mine - WARNING - =========== Miner init complete ==========
2018-03-12 17:57:17,801 - Mine - WARNING - =========== Miner function logging started ==========
2018-03-12 17:57:17,801 - Mine - WARNING - =========== Miner init complete ==========
2018-03-12 18:02:47,219 - Mine - WARNING - =========== Miner function logging started ==========
2018-03-12 18:02:47,219 - Mine - WARNING - =========== Miner init complete ==========
2018-03-12 18:03:10,660 - Mine - WARNING - =========== Miner function logging started ==========
2018-03-12 18:03:10,660 - Mine - WARNING - =========== Miner init complete ==========
2018-03-12 18:04:01,457 - Mine - WARNING - =========== Miner function logging started ==========
2018-03-12 18:04:01,458 - Mine - WARNING - =========== Miner init complete ==========
2018-03-12 18:04:14,441 - Mine - WARNING - =========== Miner function logging started ==========
2018-03-12 18:04:14,441 - Mine - WARNING - =========== Miner init complete ==========
2018-03-12 20:33:16,208 - Mine - WARNING - =========== Miner function logging started ==========
2018-03-12 20:33:16,208 - Mine - WARNING - =========== Miner init complete ==========
2018-03-12 20:33:16,209 - Mine - WARNING - =========== Miner Initialized ==========
2018-03-12 20:33:16,209 - Mine - WARNING - =========== [Miner waiting for msgs] ==========
2018-03-12 20:34:24,580 - Mine - WARNING - =========== Miner function logging started ==========
2018-03-12 20:34:24,580 - Mine - WARNING - =========== Miner init complete ==========
2018-03-12 20:34:24,580 - Mine - WARNING - =========== Miner Initialized ==========
2018-03-12 20:34:24,581 - Mine - WARNING - =========== [Miner waiting for msgs] ==========
2018-03-12 20:36:52,595 - Mine - WARNING - =========== Miner function logging started ==========
2018-03-12 20:36:52,595 - Mine - WARNING - =========== Miner init complete ==========
2018-03-12 20:36:52,595 - Mine - WARNING - =========== Miner Initialized ==========
2018-03-12 20:36:52,595 - Mine - WARNING - =========== [Miner waiting for msgs] ==========
2018-03-12 20:37:18,757 - Mine - WARNING - =========== Miner function logging started ==========
2018-03-12 20:37:18,757 - Mine - WARNING - =========== Miner init complete ==========
2018-03-12 20:37:18,757 - Mine - WARNING - =========== Miner Initialized ==========
2018-03-12 20:37:18,757 - Mine - WARNING - =========== [Miner waiting for msgs] ==========
2018-03-12 20:38:11,128 - Mine - WARNING - =========== Miner function logging started ==========
2018-03-12 20:38:11,129 - Mine - WARNING - =========== Miner init complete ==========
2018-03-12 20:38:11,129 - Mine - WARNING - =========== Miner Initialized ==========
2018-03-12 20:38:11,129 - Mine - WARNING - =========== [Miner waiting for msgs] ==========
2018-03-12 20:39:47,316 - Mine - WARNING - =========== Miner function logging started ==========
2018-03-12 20:39:47,316 - Mine - WARNING - =========== Miner init complete ==========
2018-03-12 20:39:47,316 - Mine - WARNING - =========== Miner Initialized ==========
2018-03-12 20:39:47,316 - Mine - WARNING - =========== [Miner waiting for msgs] ==========
2018-03-12 20:39:58,638 - Mine - WARNING - =========== Miner function logging started ==========
2018-03-12 20:39:58,639 - Mine - WARNING - =========== Miner init complete ==========
2018-03-12 20:39:58,639 - Mine - WARNING - =========== Miner Initialized ==========
2018-03-12 20:39:58,639 - Mine - WARNING - =========== [Miner waiting for msgs] ==========
2018-03-12 20:43:23,547 - Mine - WARNING - =========== Miner function logging started ==========
2018-03-12 20:43:23,548 - Mine - WARNING - =========== Miner init complete ==========
2018-03-12 20:43:23,548 - Mine - WARNING - =========== Miner Initialized ==========
2018-03-12 20:43:23,549 - Mine - WARNING - =========== [Miner waiting for msgs] ==========
2018-03-12 20:44:52,735 - Mine - WARNING - =========== Miner function logging started ==========
2018-03-12 20:44:52,735 - Mine - WARNING - =========== Miner init complete ==========
2018-03-12 20:44:52,736 - Mine - WARNING - =========== Miner Initialized ==========
2018-03-12 20:44:52,736 - Mine - WARNING - =========== [Miner waiting for msgs] ==========
2018-03-12 20:45:34,620 - Mine - WARNING - =========== Miner function logging started ==========
2018-03-12 20:45:34,620 - Mine - WARNING - =========== Miner init complete ==========
2018-03-12 20:45:34,621 - Mine - WARNING - =========== Miner Initialized ==========
2018-03-12 20:45:34,621 - Mine - WARNING - =========== [Miner waiting for msgs] ==========
2018-03-12 20:45:59,668 - Mine - WARNING - =========== Miner function logging started ==========
2018-03-12 20:45:59,669 - Mine - WARNING - =========== Miner init complete ==========
2018-03-12 20:45:59,669 - Mine - WARNING - =========== Miner Initialized ==========
2018-03-12 20:45:59,669 - Mine - WARNING - =========== [Miner waiting for msgs] ==========
2018-03-12 20:46:22,573 - Mine - WARNING - =========== Miner function logging started ==========
2018-03-12 20:46:22,573 - Mine - WARNING - =========== Miner init complete ==========
2018-03-12 20:46:22,573 - Mine - WARNING - =========== Miner Initialized ==========
2018-03-12 20:46:22,574 - Mine - WARNING - =========== [Miner waiting for msgs] ==========
2018-03-12 20:46:56,697 - Mine - WARNING - =========== Miner function logging started ==========
2018-03-12 20:46:56,697 - Mine - WARNING - =========== Miner init complete ==========
2018-03-12 20:46:56,698 - Mine - WARNING - =========== Miner Initialized ==========
2018-03-12 20:46:56,698 - Mine - WARNING - =========== [Miner waiting for msgs] ==========
2018-03-12 20:47:17,889 - Mine - WARNING - =========== Miner function logging started ==========
2018-03-12 20:47:17,890 - Mine - WARNING - =========== Miner init complete ==========
2018-03-12 20:47:17,890 - Mine - WARNING - =========== Miner Initialized ==========
2018-03-12 20:47:17,890 - Mine - WARNING - =========== [Miner waiting for msgs] ==========
2018-03-12 20:47:55,598 - Mine - WARNING - =========== Miner function logging started ==========
2018-03-12 20:47:55,598 - Mine - WARNING - =========== Miner init complete ==========
2018-03-12 20:47:55,599 - Mine - WARNING - =========== Miner Initialized ==========
2018-03-12 20:47:55,599 - Mine - WARNING - =========== [Miner waiting for msgs] ==========
2018-03-12 20:48:12,339 - Mine - WARNING - =========== Miner function logging started ==========
2018-03-12 20:48:12,339 - Mine - WARNING - =========== Miner init complete ==========
2018-03-12 20:48:12,340 - Mine - WARNING - =========== Miner Initialized ==========
2018-03-12 20:48:12,340 - Mine - WARNING - =========== [Miner waiting for msgs] ==========
2018-03-12 20:48:12,340 - Mine - WARNING - =========== [Mining function started] ==========
2018-03-12 20:48:46,588 - Mine - WARNING - =========== Miner function logging started ==========
2018-03-12 20:48:46,588 - Mine - WARNING - =========== Miner init complete ==========
2018-03-12 20:48:46,588 - Mine - WARNING - =========== Miner Initialized ==========
2018-03-12 20:48:46,589 - Mine - WARNING - =========== [Miner waiting for msgs] ==========
2018-03-12 20:48:46,589 - Mine - WARNING - =========== [Mining function started] ==========
2018-03-12 20:48:48,918 - Mine - WARNING - =========== [Miner waiting for msgs] ==========
2018-03-12 20:48:48,919 - Mine - WARNING - =========== [Mining function started] ==========
2018-03-12 20:48:49,247 - Mine - WARNING - =========== [Miner waiting for msgs] ==========
2018-03-12 20:48:49,247 - Mine - WARNING - =========== [Mining function started] ==========
2018-03-12 20:48:49,572 - Mine - WARNING - =========== [Miner waiting for msgs] ==========
2018-03-12 20:48:49,572 - Mine - WARNING - =========== [Mining function started] ==========
2018-03-12 20:48:56,064 - Mine - WARNING - =========== [Miner waiting for msgs] ==========
2018-03-12 20:48:56,065 - Mine - WARNING - =========== [Mining function started] ==========
2018-03-12 20:48:58,970 - Mine - WARNING - =========== [Miner waiting for msgs] ==========
2018-03-12 20:48:58,970 - Mine - WARNING - =========== [Mining function started] ==========
2018-03-12 20:49:00,422 - Mine - WARNING - =========== [Miner waiting for msgs] ==========
2018-03-12 20:49:00,422 - Mine - WARNING - =========== [Mining function started] ==========
2018-03-12 20:49:40,563 - Mine - WARNING - =========== Miner function logging started ==========
2018-03-12 20:49:40,563 - Mine - WARNING - =========== Miner init complete ==========
2018-03-12 20:49:40,563 - Mine - WARNING - =========== Miner Initialized ==========
2018-03-12 20:49:40,563 - Mine - WARNING - =========== [Miner waiting for msgs] ==========
2018-03-12 20:50:21,651 - Mine - WARNING - =========== Miner function logging started ==========
2018-03-12 20:50:21,652 - Mine - WARNING - =========== Miner init complete ==========
2018-03-12 20:50:21,652 - Mine - WARNING - =========== Miner Initialized ==========
2018-03-12 20:51:40,931 - Mine - WARNING - =========== Miner function logging started ==========
2018-03-12 20:51:40,931 - Mine - WARNING - =========== Miner init complete ==========
2018-03-12 20:51:40,931 - Mine - WARNING - =========== Miner Initialized ==========
2018-03-12 20:51:52,405 - Mine - WARNING - =========== Miner function logging started ==========
2018-03-12 20:51:52,405 - Mine - WARNING - =========== Miner init complete ==========
2018-03-12 20:51:52,406 - Mine - WARNING - =========== Miner Initialized ==========
2018-03-12 20:56:03,223 - Mine - WARNING - =========== Message correctly formed and verified ==========
2018-03-12 20:56:03,224 - Mine - WARNING - =========== Message not duplicate ==========
2018-03-12 20:57:07,476 - Mine - WARNING - =========== Message correctly formed and verified ==========
2018-03-12 20:57:07,476 - Mine - WARNING - =========== Message not duplicate ==========
2018-03-12 20:57:21,223 - Mine - WARNING - =========== Message correctly formed and verified ==========
2018-03-12 20:57:21,224 - Mine - WARNING - =========== Message not duplicate ==========
2018-03-12 20:58:31,412 - Mine - WARNING - =========== Miner function logging started ==========
2018-03-12 20:58:31,412 - Mine - WARNING - =========== Miner init complete ==========
2018-03-12 20:58:31,413 - Mine - WARNING - =========== Miner Initialized ==========
2018-03-12 20:58:31,413 - Mine - WARNING - =========== [Miner waiting for msgs] ==========
2018-03-12 20:58:52,715 - Mine - WARNING - =========== Miner function logging started ==========
2018-03-12 20:58:52,715 - Mine - WARNING - =========== Miner init complete ==========
2018-03-12 20:58:52,716 - Mine - WARNING - =========== Miner Initialized ==========
2018-03-12 20:58:52,716 - Mine - WARNING - =========== [Miner waiting for msgs] ==========
2018-03-12 20:58:55,878 - Mine - WARNING - =========== Message correctly formed and verified ==========
2018-03-12 20:58:55,878 - Mine - WARNING - =========== Message not duplicate ==========
2018-03-12 20:58:55,879 - Mine - WARNING - =========== [Mining function started] ==========
2018-03-12 20:59:35,454 - Mine - WARNING - =========== Miner function logging started ==========
2018-03-12 20:59:35,454 - Mine - WARNING - =========== Miner init complete ==========
2018-03-12 20:59:35,455 - Mine - WARNING - =========== Miner Initialized ==========
2018-03-12 20:59:35,455 - Mine - WARNING - =========== [Miner waiting for msgs] ==========
2018-03-12 20:59:39,548 - Mine - WARNING - =========== Message correctly formed and verified ==========
2018-03-12 20:59:39,548 - Mine - WARNING - =========== Message not duplicate ==========
2018-03-12 20:59:39,548 - Mine - WARNING - =========== [Mining function started] ==========
2018-03-12 21:00:42,053 - Mine - WARNING - =========== Miner function logging started ==========
2018-03-12 21:00:42,053 - Mine - WARNING - =========== Miner init complete ==========
2018-03-12 21:00:42,053 - Mine - WARNING - =========== Miner Initialized ==========
2018-03-12 21:00:42,053 - Mine - WARNING - =========== [Miner waiting for msgs] ==========
2018-03-12 21:00:46,051 - Mine - WARNING - =========== Message correctly formed and verified ==========
2018-03-12 21:00:46,051 - Mine - WARNING - =========== Message not duplicate ==========
2018-03-12 21:00:46,052 - Mine - WARNING - =========== [Mining function started] ==========
2018-03-12 21:01:01,162 - Mine - WARNING - =========== [Miner waiting for msgs] ==========
2018-03-12 21:02:59,068 - Mine - WARNING - =========== Miner function logging started ==========
2018-03-12 21:02:59,068 - Mine - WARNING - =========== Miner init complete ==========
2018-03-12 21:02:59,069 - Mine - WARNING - =========== Miner Initialized ==========
2018-03-12 21:02:59,069 - Mine - WARNING - =========== [Miner waiting for msgs] ==========
2018-03-12 21:03:08,479 - Mine - WARNING - =========== Message correctly formed and verified ==========
2018-03-12 21:03:08,479 - Mine - WARNING - =========== Message not duplicate ==========
2018-03-12 21:03:08,480 - Mine - WARNING - =========== [Mining function started] ==========
2018-03-12 21:03:10,878 - Mine - WARNING - =========== [Miner waiting for msgs] ==========
2018-03-12 21:33:08,787 - Mine - WARNING - =========== Message correctly formed and verified ==========
2018-03-12 21:33:08,788 - Mine - WARNING - =========== Message not duplicate ==========
2018-03-12 21:33:08,788 - Mine - WARNING - =========== [Mining function started] ==========
2018-03-12 21:33:22,448 - Mine - WARNING - =========== [Miner waiting for msgs] ==========
2018-03-12 21:33:43,430 - Mine - WARNING - =========== Miner function logging started ==========
2018-03-12 21:33:43,431 - Mine - WARNING - =========== Miner init complete ==========
2018-03-12 21:33:43,431 - Mine - WARNING - =========== Miner Initialized ==========
2018-03-12 21:33:43,431 - Mine - WARNING - =========== [Miner waiting for msgs] ==========
2018-03-12 21:34:09,516 - Mine - WARNING - =========== Message correctly formed and verified ==========
2018-03-12 21:34:09,516 - Mine - WARNING - =========== Message not duplicate ==========
2018-03-12 21:34:13,064 - Mine - WARNING - =========== Message correctly formed and verified ==========
2018-03-12 21:34:13,064 - Mine - WARNING - =========== Message not duplicate ==========
2018-03-12 21:34:16,115 - Mine - WARNING - =========== Message correctly formed and verified ==========
2018-03-12 21:34:16,115 - Mine - WARNING - =========== Message not duplicate ==========
2018-03-12 21:34:19,463 - Mine - WARNING - =========== Message correctly formed and verified ==========
2018-03-12 21:34:19,464 - Mine - WARNING - =========== Message not duplicate ==========
2018-03-12 21:34:22,304 - Mine - WARNING - =========== Message correctly formed and verified ==========
2018-03-12 21:34:22,304 - Mine - WARNING - =========== Message not duplicate ==========
2018-03-12 21:34:25,371 - Mine - WARNING - =========== Message correctly formed and verified ==========
2018-03-12 21:34:25,371 - Mine - WARNING - =========== Message not duplicate ==========
2018-03-12 21:34:27,180 - Mine - WARNING - =========== Message correctly formed and verified ==========
2018-03-12 21:34:27,181 - Mine - WARNING - =========== Message not duplicate ==========
2018-03-12 21:34:28,634 - Mine - WARNING - =========== Message correctly formed and verified ==========
2018-03-12 21:34:28,634 - Mine - WARNING - =========== Message not duplicate ==========
2018-03-12 21:34:29,819 - Mine - WARNING - =========== Message correctly formed and verified ==========
2018-03-12 21:34:29,819 - Mine - WARNING - =========== Message not duplicate ==========
2018-03-12 21:34:31,605 - Mine - WARNING - =========== Message correctly formed and verified ==========
2018-03-12 21:34:31,605 - Mine - WARNING - =========== Message not duplicate ==========
2018-03-12 21:34:31,605 - Mine - WARNING - =========== [Mining function started] ==========
2018-03-12 21:34:45,810 - Mine - WARNING - =========== [Miner waiting for msgs] ==========
2018-03-13 19:21:22,475 - Mine - WARNING - =========== Miner function logging started ==========
2018-03-13 19:21:22,476 - Mine - WARNING - =========== Miner init complete ==========
2018-03-13 19:21:22,476 - Mine - WARNING - =========== Miner Initialized ==========
2018-03-13 19:21:22,477 - Mine - WARNING - =========== [Miner waiting for msgs] ==========
2018-03-13 19:21:34,344 - Mine - WARNING - =========== Message correctly formed and verified ==========
2018-03-13 19:21:34,345 - Mine - WARNING - =========== Message not duplicate ==========
2018-03-13 19:21:49,384 - Mine - WARNING - =========== Message correctly formed and verified ==========
2018-03-13 19:21:49,384 - Mine - WARNING - =========== Message not duplicate ==========
2018-03-13 19:22:04,333 - Mine - WARNING - =========== Message correctly formed and verified ==========
2018-03-13 19:22:04,333 - Mine - WARNING - =========== Message not duplicate ==========
2018-03-13 19:22:19,478 - Mine - WARNING - =========== Message correctly formed and verified ==========
2018-03-13 19:22:19,478 - Mine - WARNING - =========== Message not duplicate ==========
2018-03-13 19:22:34,515 - Mine - WARNING - =========== Message correctly formed and verified ==========
2018-03-13 19:22:34,516 - Mine - WARNING - =========== Message not duplicate ==========
2018-03-13 19:22:49,359 - Mine - WARNING - =========== Message correctly formed and verified ==========
2018-03-13 19:22:49,360 - Mine - WARNING - =========== Message not duplicate ==========
2018-03-13 19:23:04,405 - Mine - WARNING - =========== Message correctly formed and verified ==========
2018-03-13 19:23:04,405 - Mine - WARNING - =========== Message not duplicate ==========
2018-03-13 19:23:19,536 - Mine - WARNING - =========== Message correctly formed and verified ==========
2018-03-13 19:23:19,537 - Mine - WARNING - =========== Message not duplicate ==========
2018-03-13 19:23:34,576 - Mine - WARNING - =========== Message correctly formed and verified ==========
2018-03-13 19:23:34,576 - Mine - WARNING - =========== Message not duplicate ==========
2018-03-13 19:23:49,617 - Mine - WARNING - =========== Message correctly formed and verified ==========
2018-03-13 19:23:49,617 - Mine - WARNING - =========== Message not duplicate ==========
2018-03-13 19:23:49,618 - Mine - WARNING - =========== [Mining function started] ==========
2018-03-13 19:31:03,000 - Mine - WARNING - =========== Miner function logging started ==========
2018-03-13 19:31:03,001 - Mine - WARNING - =========== Miner init complete ==========
2018-03-13 19:31:03,002 - Mine - WARNING - =========== Miner Initialized ==========
2018-03-13 19:31:03,003 - Mine - WARNING - =========== [Miner waiting for msgs] ==========
2018-03-13 19:31:05,252 - Mine - WARNING - =========== Message correctly formed and verified ==========
2018-03-13 19:31:05,252 - Mine - WARNING - =========== Message not duplicate ==========
2018-03-13 19:31:20,314 - Mine - WARNING - =========== Message correctly formed and verified ==========
2018-03-13 19:31:20,314 - Mine - WARNING - =========== Message not duplicate ==========
2018-03-13 19:31:35,354 - Mine - WARNING - =========== Message correctly formed and verified ==========
2018-03-13 19:31:35,354 - Mine - WARNING - =========== Message not duplicate ==========
2018-03-13 19:32:05,330 - Mine - WARNING - =========== Message correctly formed and verified ==========
2018-03-13 19:32:05,331 - Mine - WARNING - =========== Message not duplicate ==========
2018-03-13 19:32:20,371 - Mine - WARNING - =========== Message correctly formed and verified ==========
2018-03-13 19:32:20,372 - Mine - WARNING - =========== Message not duplicate ==========
2018-03-13 19:32:35,517 - Mine - WARNING - =========== Message correctly formed and verified ==========
2018-03-13 19:32:35,517 - Mine - WARNING - =========== Message not duplicate ==========
2018-03-13 19:32:50,452 - Mine - WARNING - =========== Message correctly formed and verified ==========
2018-03-13 19:32:50,453 - Mine - WARNING - =========== Message not duplicate ==========
2018-03-13 19:33:05,496 - Mine - WARNING - =========== Message correctly formed and verified ==========
2018-03-13 19:33:05,496 - Mine - WARNING - =========== Message not duplicate ==========
2018-03-13 19:33:20,535 - Mine - WARNING - =========== Message correctly formed and verified ==========
2018-03-13 19:33:20,535 - Mine - WARNING - =========== Message not duplicate ==========
2018-03-13 19:33:35,323 - Mine - WARNING - =========== Message correctly formed and verified ==========
2018-03-13 19:33:35,323 - Mine - WARNING - =========== Message not duplicate ==========
2018-03-13 19:33:35,324 - Mine - WARNING - =========== [Mining function started] ==========
2018-03-13 19:33:35,325 - Mine - WARNING - =========== [Miner waiting for msgs] ==========
2018-03-13 19:40:31,000 - Mine - WARNING - =========== Miner function logging started ==========
2018-03-13 19:40:31,001 - Mine - WARNING - =========== Miner init complete ==========
2018-03-13 19:40:31,001 - Mine - WARNING - =========== Miner Initialized ==========
2018-03-13 19:40:31,002 - Mine - WARNING - =========== [Miner waiting for msgs] ==========
2018-03-13 19:40:36,169 - Mine - WARNING - =========== Message correctly formed and verified ==========
2018-03-13 19:40:36,169 - Mine - WARNING - =========== Message not duplicate ==========
2018-03-13 19:40:51,126 - Mine - WARNING - =========== Message correctly formed and verified ==========
2018-03-13 19:40:51,126 - Mine - WARNING - =========== Message not duplicate ==========
2018-03-13 19:40:56,161 - Mine - WARNING - =========== Miner function logging started ==========
2018-03-13 19:40:56,161 - Mine - WARNING - =========== Miner init complete ==========
2018-03-13 19:40:56,161 - Mine - WARNING - =========== Miner Initialized ==========
2018-03-13 19:40:56,162 - Mine - WARNING - =========== [Miner waiting for msgs] ==========
2018-03-13 19:41:06,243 - Mine - WARNING - =========== Message correctly formed and verified ==========
2018-03-13 19:41:06,243 - Mine - WARNING - =========== Message not duplicate ==========
2018-03-13 19:41:21,207 - Mine - WARNING - =========== Message correctly formed and verified ==========
2018-03-13 19:41:21,207 - Mine - WARNING - =========== Message not duplicate ==========
2018-03-13 19:41:36,248 - Mine - WARNING - =========== Message correctly formed and verified ==========
2018-03-13 19:41:36,248 - Mine - WARNING - =========== Message not duplicate ==========
2018-03-13 19:41:51,288 - Mine - WARNING - =========== Message correctly formed and verified ==========
2018-03-13 19:41:51,289 - Mine - WARNING - =========== Message not duplicate ==========
2018-03-13 19:42:06,225 - Mine - WARNING - =========== Message correctly formed and verified ==========
2018-03-13 19:42:06,225 - Mine - WARNING - =========== Message not duplicate ==========
2018-03-13 19:42:21,265 - Mine - WARNING - =========== Message correctly formed and verified ==========
2018-03-13 19:42:21,265 - Mine - WARNING - =========== Message not duplicate ==========
2018-03-13 19:42:36,306 - Mine - WARNING - =========== Message correctly formed and verified ==========
2018-03-13 19:42:36,306 - Mine - WARNING - =========== Message not duplicate ==========
2018-03-13 19:42:51,450 - Mine - WARNING - =========== Message correctly formed and verified ==========
2018-03-13 19:42:51,451 - Mine - WARNING - =========== Message not duplicate ==========
2018-03-13 19:43:06,281 - Mine - WARNING - =========== Message correctly formed and verified ==========
2018-03-13 19:43:06,281 - Mine - WARNING - =========== Message not duplicate ==========
2018-03-13 19:43:21,323 - Mine - WARNING - =========== Message correctly formed and verified ==========
2018-03-13 19:43:21,323 - Mine - WARNING - =========== Message not duplicate ==========
2018-03-13 19:43:21,324 - Mine - WARNING - =========== [Mining function started] ==========
2018-03-13 19:43:21,325 - Mine - WARNING - =========== [Miner waiting for msgs] ==========
2018-03-13 19:43:36,468 - Mine - WARNING - =========== Message correctly formed and verified ==========
2018-03-13 19:43:36,468 - Mine - WARNING - =========== Message not duplicate ==========
2018-03-13 19:44:55,723 - Mine - WARNING - =========== Miner function logging started ==========
2018-03-13 19:44:55,724 - Mine - WARNING - =========== Miner init complete ==========
2018-03-13 19:44:55,724 - Mine - WARNING - =========== Miner Initialized ==========
2018-03-13 19:44:55,725 - Mine - WARNING - =========== [Miner waiting for msgs] ==========
2018-03-13 19:45:06,476 - Mine - WARNING - =========== Message correctly formed and verified ==========
2018-03-13 19:45:06,476 - Mine - WARNING - =========== Message not duplicate ==========
2018-03-13 19:45:21,439 - Mine - WARNING - =========== Message correctly formed and verified ==========
2018-03-13 19:45:21,439 - Mine - WARNING - =========== Message not duplicate ==========
2018-03-13 19:45:36,416 - Mine - WARNING - =========== Message correctly formed and verified ==========
2018-03-13 19:45:36,416 - Mine - WARNING - =========== Message not duplicate ==========
2018-03-13 19:45:51,416 - Mine - WARNING - =========== Message correctly formed and verified ==========
2018-03-13 19:45:51,416 - Mine - WARNING - =========== Message not duplicate ==========
2018-03-13 19:46:06,456 - Mine - WARNING - =========== Message correctly formed and verified ==========
2018-03-13 19:46:06,456 - Mine - WARNING - =========== Message not duplicate ==========
2018-03-13 19:46:21,497 - Mine - WARNING - =========== Message correctly formed and verified ==========
2018-03-13 19:46:21,498 - Mine - WARNING - =========== Message not duplicate ==========
2018-03-13 19:46:36,538 - Mine - WARNING - =========== Message correctly formed and verified ==========
2018-03-13 19:46:36,538 - Mine - WARNING - =========== Message not duplicate ==========
2018-03-13 19:46:51,578 - Mine - WARNING - =========== Message correctly formed and verified ==========
2018-03-13 19:46:51,579 - Mine - WARNING - =========== Message not duplicate ==========
2018-03-13 19:46:54,043 - Mine - WARNING - =========== Message correctly formed and verified ==========
2018-03-13 19:46:54,043 - Mine - WARNING - =========== Message not duplicate ==========
2018-03-13 19:47:06,619 - Mine - WARNING - =========== Message correctly formed and verified ==========
2018-03-13 19:47:06,619 - Mine - WARNING - =========== Message not duplicate ==========
2018-03-13 19:47:06,620 - Mine - WARNING - =========== [Mining function started] ==========
2018-03-13 19:47:06,621 - Mine - WARNING - =========== [Miner waiting for msgs] ==========
2018-03-13 19:47:21,554 - Mine - WARNING - =========== Message correctly formed and verified ==========
2018-03-13 19:47:21,567 - Mine - WARNING - =========== Message not duplicate ==========
2018-03-13 19:47:36,595 - Mine - WARNING - =========== Message correctly formed and verified ==========
2018-03-13 19:47:36,595 - Mine - WARNING - =========== Message not duplicate ==========
2018-03-13 19:47:51,636 - Mine - WARNING - =========== Message correctly formed and verified ==========
2018-03-13 19:47:51,638 - Mine - WARNING - =========== Message not duplicate ==========
2018-03-13 19:48:06,677 - Mine - WARNING - =========== Message correctly formed and verified ==========
2018-03-13 19:48:06,677 - Mine - WARNING - =========== Message not duplicate ==========
2018-03-13 19:48:21,613 - Mine - WARNING - =========== Message correctly formed and verified ==========
2018-03-13 19:48:21,615 - Mine - WARNING - =========== Message not duplicate ==========
2018-03-13 19:48:36,758 - Mine - WARNING - =========== Message correctly formed and verified ==========
2018-03-13 19:48:36,758 - Mine - WARNING - =========== Message not duplicate ==========
2018-03-13 19:55:18,922 - Mine - WARNING - =========== Miner function logging started ==========
2018-03-13 19:55:18,923 - Mine - WARNING - =========== Miner init complete ==========
2018-03-13 19:55:18,923 - Mine - WARNING - =========== Miner Initialized ==========
2018-03-13 19:55:18,924 - Mine - WARNING - =========== [Miner waiting for msgs] ==========
2018-03-13 19:55:20,547 - Mine - WARNING - =========== Message correctly formed and verified ==========
2018-03-13 19:55:20,547 - Mine - WARNING - =========== Message not duplicate ==========
2018-03-13 19:55:21,079 - Mine - WARNING - =========== Message correctly formed and verified ==========
2018-03-13 19:55:21,079 - Mine - WARNING - =========== Message not duplicate ==========
2018-03-13 19:55:22,270 - Mine - WARNING - =========== Message correctly formed and verified ==========
2018-03-13 19:55:22,272 - Mine - WARNING - =========== Message not duplicate ==========
2018-03-13 19:55:22,359 - Mine - WARNING - =========== Message correctly formed and verified ==========
2018-03-13 19:55:22,359 - Mine - WARNING - =========== Message not duplicate ==========
2018-03-13 19:55:22,892 - Mine - WARNING - =========== Message correctly formed and verified ==========
2018-03-13 19:55:22,892 - Mine - WARNING - =========== Message not duplicate ==========
2018-03-13 19:55:24,136 - Mine - WARNING - =========== Message correctly formed and verified ==========
2018-03-13 19:55:24,136 - Mine - WARNING - =========== Message not duplicate ==========
2018-03-13 19:55:24,734 - Mine - WARNING - =========== Message correctly formed and verified ==========
2018-03-13 19:55:24,734 - Mine - WARNING - =========== Message not duplicate ==========
2018-03-13 19:55:25,987 - Mine - WARNING - =========== Message correctly formed and verified ==========
2018-03-13 19:55:25,988 - Mine - WARNING - =========== Message not duplicate ==========
2018-03-13 19:55:33,612 - Mine - WARNING - =========== Message correctly formed and verified ==========
2018-03-13 19:55:33,612 - Mine - WARNING - =========== Message not duplicate ==========
2018-03-13 19:55:37,133 - Mine - WARNING - =========== Message correctly formed and verified ==========
2018-03-13 19:55:37,133 - Mine - WARNING - =========== Message not duplicate ==========
2018-03-13 19:55:37,134 - Mine - WARNING - =========== [Mining function started] ==========
2018-03-13 19:55:37,136 - Mine - WARNING - =========== [Miner waiting for msgs] ==========
2018-03-13 19:55:37,204 - Mine - WARNING - =========== Message correctly formed and verified ==========
2018-03-13 19:55:37,204 - Mine - WARNING - =========== Message not duplicate ==========
2018-03-13 19:55:48,549 - Mine - WARNING - =========== Message correctly formed and verified ==========
2018-03-13 19:55:48,549 - Mine - WARNING - =========== Message not duplicate ==========
2018-03-13 19:55:52,204 - Mine - WARNING - =========== Message correctly formed and verified ==========
2018-03-13 19:55:52,206 - Mine - WARNING - =========== Message not duplicate ==========
2018-03-13 19:55:52,251 - Mine - WARNING - =========== Message correctly formed and verified ==========
2018-03-13 19:55:52,251 - Mine - WARNING - =========== Message not duplicate ==========
2018-03-13 19:56:04,006 - Mine - WARNING - =========== Message correctly formed and verified ==========
2018-03-13 19:56:04,007 - Mine - WARNING - =========== Message not duplicate ==========
2018-03-13 19:56:07,126 - Mine - WARNING - =========== Message correctly formed and verified ==========
2018-03-13 19:56:07,126 - Mine - WARNING - =========== Message not duplicate ==========
2018-03-13 19:56:07,196 - Mine - WARNING - =========== Message correctly formed and verified ==========
2018-03-13 19:56:07,197 - Mine - WARNING - =========== Message not duplicate ==========
2018-03-13 19:56:22,285 - Mine - WARNING - =========== Message correctly formed and verified ==========
2018-03-13 19:56:22,287 - Mine - WARNING - =========== Message not duplicate ==========
2018-03-13 19:56:37,430 - Mine - WARNING - =========== Message correctly formed and verified ==========
2018-03-13 19:56:37,431 - Mine - WARNING - =========== Message not duplicate ==========
2018-03-13 19:56:52,470 - Mine - WARNING - =========== Message correctly formed and verified ==========
2018-03-13 19:56:52,470 - Mine - WARNING - =========== Message not duplicate ==========
2018-03-13 19:56:52,470 - Mine - WARNING - =========== [Mining function started] ==========
2018-03-13 19:56:52,472 - Mine - WARNING - =========== [Miner waiting for msgs] ==========
2018-03-13 19:57:07,513 - Mine - WARNING - =========== Message correctly formed and verified ==========
2018-03-13 19:57:07,513 - Mine - WARNING - =========== Message not duplicate ==========
2018-03-13 19:57:08,138 - Mine - WARNING - =========== Message correctly formed and verified ==========
2018-03-13 19:57:08,138 - Mine - WARNING - =========== Message not duplicate ==========
2018-03-13 19:57:22,457 - Mine - WARNING - =========== Message correctly formed and verified ==========
2018-03-13 19:57:22,458 - Mine - WARNING - =========== Message not duplicate ==========
2018-03-13 19:57:23,079 - Mine - WARNING - =========== Message correctly formed and verified ==========
2018-03-13 19:57:23,079 - Mine - WARNING - =========== Message not duplicate ==========
2018-03-13 19:57:37,503 - Mine - WARNING - =========== Message correctly formed and verified ==========
2018-03-13 19:57:37,503 - Mine - WARNING - =========== Message not duplicate ==========
2018-03-13 19:57:38,224 - Mine - WARNING - =========== Message correctly formed and verified ==========
2018-03-13 19:57:38,225 - Mine - WARNING - =========== Message not duplicate ==========
2018-03-13 19:57:47,975 - Mine - WARNING - =========== Message correctly formed and verified ==========
2018-03-13 19:57:47,975 - Mine - WARNING - =========== Message not duplicate ==========
2018-03-13 19:57:48,658 - Mine - WARNING - =========== Message correctly formed and verified ==========
2018-03-13 19:57:48,659 - Mine - WARNING - =========== Message not duplicate ==========
2018-03-13 19:57:49,792 - Mine - WARNING - =========== Message correctly formed and verified ==========
2018-03-13 19:57:49,792 - Mine - WARNING - =========== Message not duplicate ==========
2018-03-13 19:57:50,474 - Mine - WARNING - =========== Message correctly formed and verified ==========
2018-03-13 19:57:50,474 - Mine - WARNING - =========== Message not duplicate ==========
2018-03-13 19:57:50,474 - Mine - WARNING - =========== [Mining function started] ==========
2018-03-13 19:57:50,477 - Mine - WARNING - =========== [Miner waiting for msgs] ==========
2018-03-13 19:57:51,610 - Mine - WARNING - =========== Message correctly formed and verified ==========
2018-03-13 19:57:51,610 - Mine - WARNING - =========== Message not duplicate ==========
2018-03-13 19:57:52,320 - Mine - WARNING - =========== Message correctly formed and verified ==========
2018-03-13 19:57:52,321 - Mine - WARNING - =========== Message not duplicate ==========
2018-03-13 19:57:52,550 - Mine - WARNING - =========== Message correctly formed and verified ==========
2018-03-13 19:57:52,550 - Mine - WARNING - =========== Message not duplicate ==========
2018-03-13 19:57:53,260 - Mine - WARNING - =========== Message correctly formed and verified ==========
2018-03-13 19:57:53,261 - Mine - WARNING - =========== Message not duplicate ==========
2018-03-13 19:57:53,428 - Mine - WARNING - =========== Message correctly formed and verified ==========
2018-03-13 19:57:53,429 - Mine - WARNING - =========== Message not duplicate ==========
2018-03-13 19:57:54,071 - Mine - WARNING - =========== Message correctly formed and verified ==========
2018-03-13 19:57:54,071 - Mine - WARNING - =========== Message not duplicate ==========
2018-03-13 19:57:55,245 - Mine - WARNING - =========== Message correctly formed and verified ==========
2018-03-13 19:57:55,245 - Mine - WARNING - =========== Message not duplicate ==========
2018-03-13 19:57:55,976 - Mine - WARNING - =========== Message correctly formed and verified ==========
2018-03-13 19:57:55,976 - Mine - WARNING - =========== Message not duplicate ==========
2018-03-13 19:57:57,127 - Mine - WARNING - =========== Message correctly formed and verified ==========
2018-03-13 19:57:57,127 - Mine - WARNING - =========== Message not duplicate ==========
2018-03-13 19:57:58,981 - Mine - WARNING - =========== Message correctly formed and verified ==========
2018-03-13 19:57:58,981 - Mine - WARNING - =========== Message not duplicate ==========
2018-03-13 19:57:58,982 - Mine - WARNING - =========== [Mining function started] ==========
2018-03-13 19:57:58,983 - Mine - WARNING - =========== [Miner waiting for msgs] ==========
2018-03-13 19:57:59,595 - Mine - WARNING - =========== Message correctly formed and verified ==========
2018-03-13 19:57:59,596 - Mine - WARNING - =========== Message not duplicate ==========
2018-03-13 19:58:00,885 - Mine - WARNING - =========== Message correctly formed and verified ==========
2018-03-13 19:58:00,885 - Mine - WARNING - =========== Message not duplicate ==========
2018-03-13 19:58:02,767 - Mine - WARNING - =========== Message correctly formed and verified ==========
2018-03-13 19:58:02,767 - Mine - WARNING - =========== Message not duplicate ==========
2018-03-13 19:58:04,584 - Mine - WARNING - =========== Message correctly formed and verified ==========
2018-03-13 19:58:04,584 - Mine - WARNING - =========== Message not duplicate ==========
2018-03-13 19:58:05,273 - Mine - WARNING - =========== Message correctly formed and verified ==========
2018-03-13 19:58:05,273 - Mine - WARNING - =========== Message not duplicate ==========
2018-03-13 19:58:06,400 - Mine - WARNING - =========== Message correctly formed and verified ==========
2018-03-13 19:58:06,400 - Mine - WARNING - =========== Message not duplicate ==========
2018-03-13 19:58:07,494 - Mine - WARNING - =========== Message correctly formed and verified ==========
2018-03-13 19:58:07,494 - Mine - WARNING - =========== Message not duplicate ==========
2018-03-13 19:58:08,197 - Mine - WARNING - =========== Message correctly formed and verified ==========
2018-03-13 19:58:08,197 - Mine - WARNING - =========== Message not duplicate ==========
2018-03-13 19:58:08,218 - Mine - WARNING - =========== Message correctly formed and verified ==========
2018-03-13 19:58:08,218 - Mine - WARNING - =========== Message not duplicate ==========
2018-03-13 19:58:09,032 - Mine - WARNING - =========== Message correctly formed and verified ==========
2018-03-13 19:58:09,032 - Mine - WARNING - =========== Message not duplicate ==========
2018-03-13 19:58:09,033 - Mine - WARNING - =========== [Mining function started] ==========
2018-03-13 19:58:09,035 - Mine - WARNING - =========== [Miner waiting for msgs] ==========
2018-03-13 19:58:10,035 - Mine - WARNING - =========== Message correctly formed and verified ==========
2018-03-13 19:58:10,035 - Mine - WARNING - =========== Message not duplicate ==========
2018-03-13 19:58:11,852 - Mine - WARNING - =========== Message correctly formed and verified ==========
2018-03-13 19:58:11,852 - Mine - WARNING - =========== Message not duplicate ==========
2018-03-13 19:58:13,523 - Mine - WARNING - =========== Message correctly formed and verified ==========
2018-03-13 19:58:13,523 - Mine - WARNING - =========== Message not duplicate ==========
2018-03-13 19:58:13,669 - Mine - WARNING - =========== Message correctly formed and verified ==========
2018-03-13 19:58:13,669 - Mine - WARNING - =========== Message not duplicate ==========
2018-03-13 19:58:15,508 - Mine - WARNING - =========== Message correctly formed and verified ==========
2018-03-13 19:58:15,509 - Mine - WARNING - =========== Message not duplicate ==========
2018-03-13 19:58:16,239 - Mine - WARNING - =========== Message correctly formed and verified ==========
2018-03-13 19:58:16,239 - Mine - WARNING - =========== Message not duplicate ==========
2018-03-13 19:58:22,538 - Mine - WARNING - =========== Message correctly formed and verified ==========
2018-03-13 19:58:22,540 - Mine - WARNING - =========== Message not duplicate ==========
2018-03-13 19:58:22,546 - Mine - WARNING - =========== Message correctly formed and verified ==========
2018-03-13 19:58:22,547 - Mine - WARNING - =========== Message not duplicate ==========
2018-03-13 19:58:23,164 - Mine - WARNING - =========== Message correctly formed and verified ==========
2018-03-13 19:58:23,164 - Mine - WARNING - =========== Message not duplicate ==========
2018-03-13 19:58:24,853 - Mine - WARNING - =========== Message correctly formed and verified ==========
2018-03-13 19:58:24,854 - Mine - WARNING - =========== Message not duplicate ==========
2018-03-13 19:58:24,854 - Mine - WARNING - =========== [Mining function started] ==========
2018-03-13 19:58:24,856 - Mine - WARNING - =========== [Miner waiting for msgs] ==========
2018-03-13 19:58:25,478 - Mine - WARNING - =========== Message correctly formed and verified ==========
2018-03-13 19:58:25,478 - Mine - WARNING - =========== Message not duplicate ==========
2018-03-13 19:58:39,391 - Mine - WARNING - =========== Miner function logging started ==========
2018-03-13 19:58:39,391 - Mine - WARNING - =========== Miner init complete ==========
2018-03-13 19:58:39,392 - Mine - WARNING - =========== Miner Initialized ==========
2018-03-13 19:58:39,394 - Mine - WARNING - =========== [Miner waiting for msgs] ==========
2018-03-13 19:59:38,387 - Mine - WARNING - =========== Miner function logging started ==========
2018-03-13 19:59:38,388 - Mine - WARNING - =========== Miner init complete ==========
2018-03-13 19:59:38,388 - Mine - WARNING - =========== Miner Initialized ==========
2018-03-13 19:59:38,390 - Mine - WARNING - =========== [Miner waiting for msgs] ==========
2018-03-13 19:59:52,824 - Mine - WARNING - =========== Message correctly formed and verified ==========
2018-03-13 19:59:52,824 - Mine - WARNING - =========== Message not duplicate ==========
2018-03-13 19:59:53,376 - Mine - WARNING - =========== Message correctly formed and verified ==========
2018-03-13 19:59:53,376 - Mine - WARNING - =========== Message not duplicate ==========
2018-03-13 20:00:07,695 - Mine - WARNING - =========== Message correctly formed and verified ==========
2018-03-13 20:00:07,695 - Mine - WARNING - =========== Message not duplicate ==========
2018-03-13 20:00:08,417 - Mine - WARNING - =========== Message correctly formed and verified ==========
2018-03-13 20:00:08,417 - Mine - WARNING - =========== Message not duplicate ==========
2018-03-13 20:01:16,060 - Mine - WARNING - =========== Miner function logging started ==========
2018-03-13 20:01:16,061 - Mine - WARNING - =========== Miner init complete ==========
2018-03-13 20:01:16,061 - Mine - WARNING - =========== Miner Initialized ==========
2018-03-13 20:01:16,063 - Mine - WARNING - =========== [Miner waiting for msgs] ==========
2018-03-13 20:01:20,442 - Mine - WARNING - =========== Message correctly formed and verified ==========
2018-03-13 20:01:20,442 - Mine - WARNING - =========== Message not duplicate ==========
2018-03-13 20:01:21,180 - Mine - WARNING - =========== Message correctly formed and verified ==========
2018-03-13 20:01:21,181 - Mine - WARNING - =========== Message not duplicate ==========
2018-03-13 20:01:23,496 - Mine - WARNING - =========== Message correctly formed and verified ==========
2018-03-13 20:01:23,496 - Mine - WARNING - =========== Message not duplicate ==========
2018-03-13 20:01:37,822 - Mine - WARNING - =========== Message correctly formed and verified ==========
2018-03-13 20:01:37,822 - Mine - WARNING - =========== Message not duplicate ==========
2018-03-13 20:01:50,360 - Mine - WARNING - =========== Message correctly formed and verified ==========
2018-03-13 20:01:50,361 - Mine - WARNING - =========== Message not duplicate ==========
2018-03-13 20:01:52,867 - Mine - WARNING - =========== Message correctly formed and verified ==========
2018-03-13 20:01:52,872 - Mine - WARNING - =========== Message not duplicate ==========
2018-03-13 20:01:53,492 - Mine - WARNING - =========== Message correctly formed and verified ==========
2018-03-13 20:01:53,493 - Mine - WARNING - =========== Message not duplicate ==========
2018-03-13 20:02:07,811 - Mine - WARNING - =========== Message correctly formed and verified ==========
2018-03-13 20:02:07,811 - Mine - WARNING - =========== Message not duplicate ==========
2018-03-13 20:02:08,533 - Mine - WARNING - =========== Message correctly formed and verified ==========
2018-03-13 20:02:08,533 - Mine - WARNING - =========== Message not duplicate ==========
2018-03-13 20:02:22,843 - Mine - WARNING - =========== Message correctly formed and verified ==========
2018-03-13 20:02:22,843 - Mine - WARNING - =========== Message not duplicate ==========
2018-03-13 20:02:22,844 - Mine - WARNING - =========== [Mining function started] ==========
2018-03-13 20:02:22,846 - Mine - WARNING - =========== [Miner waiting for msgs] ==========
2018-03-13 20:02:37,793 - Mine - WARNING - =========== Message correctly formed and verified ==========
2018-03-13 20:02:37,793 - Mine - WARNING - =========== Message not duplicate ==========
